
ROM used: 834 (10%)
          834 (10%) including unused fragments

          0 Average locations per line
          2 Average locations per statement

RAM used: 8 (2%) at main() level
          19 (5%) worst case

Stack used: 5 worst case (out of 8 total available)

Lines Stmts  %   Files
----- ----- ---  -----
  147    83  20  tes_LCD.c
  411     0   0  C:\Program Files (x86)\PICC\devices\16f887.h
  212     0   0  C:\Program Files (x86)\PICC\drivers\luutinh.h
  249    88  22  C:\Program Files (x86)\PICC\drivers\LCD.h
 2104   238  58  C:\Program Files (x86)\PICC\drivers\math.h
----- -----
 3123   409 Total

Page ROM  %  RAM   Vol Diff  Functions:
---- --- --- ---   --- ----  ----------
0     21   3   1             @delay_ms2
0      8   1   0             @const373
0     49   6   2   594  4.3  lcd_init
 Inline        3   620  3.8  lcd_read_byte
0     37   4   2   204  3.2  lcd_read_nibble
0     62   7   3   313  3.4  lcd_send_byte
0     25   3   1   336  1.9  lcd_send_nibble
0     35   4   4   335  5.5  lcd_gotoxy
0     37   4   1   272  4.1  lcd_putc
0    109  13   1   572  3.7  Button_1
0     13   2   0             @const383
0     16   2   0             @const384
0     12   1   0             @const385
0     20   2   0             @const386
0     12   1   0             @const387
0     16   2   0             @const388
0     79   9   1   402  2.8  Button_2
0     15   2   0             @const390
0     11   1   0             @const391
0     17   2   0             @const392
0     11   1   0             @const393
 Inline        1   110  1.6  POSITIVE
0     15   2   0             @const395
0     12   1   0             @const396
 Inline        1    90  1.5  NEGATIVE
0     16   2   0             @const398
0     13   2   0             @const399
0      9   1   1    78  2.3  Button_3
0     70   8   1    94  2.0  Button_4
0     90  11   1   519  3.2  MAIN

Program metrics:
    Functions               14
    Statements              409
    Comments                511
    Volume (V)              7656
    Difficilty (D)          42.4
    Effort to implement (E) 324469
    Time to implement (T)   5 hours, 0 minutes
    Est Delivered Bugs (B)  2
    Cyclomatic Complexity   19
    Maintainability (MI)    86

 Segment     Used  Free
-----------  ----  ----
00000-00003     4  0  
00004-007FF   830  1214  
00800-00FFF     0  2048  
01000-017FF     0  2048  
01800-01FFF     0  2048  



